2021-07-11 14:20:04,387 DEBUG :: Starting new HTTPS connection (1): api.binance.com:443
2021-07-11 14:20:04,664 DEBUG :: https://api.binance.com:443 "GET /sapi/v1/accountSnapshot?type=SPOT&timestamp=1625993404383&signature=e6f1d1af26805cd131e7c7b96868b60aea4d5542fe77075dbb02685d3052a55f HTTP/1.1" 200 None
2021-07-11 14:20:04,664 INFO :: Running get_contracts
2021-07-11 14:20:04,664 DEBUG :: Starting new HTTPS connection (1): api.binance.com:443
2021-07-11 14:20:04,899 DEBUG :: https://api.binance.com:443 "GET /api/v3/exchangeInfo?symbols=%5B%22BTCUSDT%22%2C%22ETHUSDT%22%2C%22ADAUSDT%22%2C%22DOGEUSDT%22%2C%22LTCUSDT%22%2C%22BNBUSDT%22%5D HTTP/1.1" 200 870
2021-07-11 14:20:04,914 INFO :: Binance Spot Client was successfully initialized
2021-07-11 14:20:04,914 DEBUG :: Starting new HTTPS connection (1): api.binance.com:443
2021-07-11 14:20:05,170 DEBUG :: https://api.binance.com:443 "GET /sapi/v1/accountSnapshot?type=MARGIN&timestamp=1625993404914&signature=9d4f4b5df33ff255ecd0a8e43da16d8d2aac8c5ffcca224ab077281b68099b93 HTTP/1.1" 200 None
2021-07-11 14:20:05,173 INFO :: Running get_contracts
2021-07-11 14:20:05,176 DEBUG :: Starting new HTTPS connection (1): api.binance.com:443
2021-07-11 14:20:05,407 DEBUG :: https://api.binance.com:443 "GET /api/v3/exchangeInfo?symbols=%5B%22BTCUSDT%22%2C%22ETHUSDT%22%2C%22ADAUSDT%22%2C%22DOGEUSDT%22%2C%22LTCUSDT%22%2C%22BNBUSDT%22%5D HTTP/1.1" 200 870
2021-07-11 14:20:05,410 INFO :: Binance Margin Client was successfully initialized
2021-07-11 14:20:05,567 INFO :: Binance  Websocket connection opened
2021-07-11 14:20:05,567 INFO :: Successfully subscribed
2021-07-11 14:20:05,567 INFO :: Successfully subscribed
2021-07-11 14:20:06,004 INFO :: Binance Margin Websocket connection opened
2021-07-11 14:20:06,004 INFO :: Successfully subscribed
2021-07-11 14:20:06,004 INFO :: Successfully subscribed
2021-07-11 14:25:20,019 DEBUG :: Starting new HTTPS connection (1): api.binance.com:443
2021-07-11 14:25:20,300 DEBUG :: https://api.binance.com:443 "GET /sapi/v1/accountSnapshot?type=SPOT&timestamp=1625993720019&signature=0e6acb20adf5a599ab6a8fbd30d32faa6e9dd0c49cafb85c626c486d7fd9d98e HTTP/1.1" 200 None
2021-07-11 14:25:20,300 INFO :: Running get_contracts
2021-07-11 14:25:20,300 DEBUG :: Starting new HTTPS connection (1): api.binance.com:443
2021-07-11 14:25:20,519 DEBUG :: https://api.binance.com:443 "GET /api/v3/exchangeInfo?symbols=%5B%22BTCUSDT%22%2C%22ETHUSDT%22%2C%22ADAUSDT%22%2C%22DOGEUSDT%22%2C%22LTCUSDT%22%2C%22BNBUSDT%22%5D HTTP/1.1" 200 870
2021-07-11 14:25:20,535 INFO :: Binance Spot Client was successfully initialized
2021-07-11 14:25:20,535 DEBUG :: Starting new HTTPS connection (1): api.binance.com:443
2021-07-11 14:25:20,785 DEBUG :: https://api.binance.com:443 "GET /sapi/v1/accountSnapshot?type=MARGIN&timestamp=1625993720535&signature=cd247cdcedc349fa3814e6dca2f3d7aa308f46ea41162bea103ec61c4902ba91 HTTP/1.1" 200 None
2021-07-11 14:25:20,785 INFO :: Running get_contracts
2021-07-11 14:25:20,785 DEBUG :: Starting new HTTPS connection (1): api.binance.com:443
2021-07-11 14:25:21,160 INFO :: Binance  Websocket connection opened
2021-07-11 14:25:21,160 INFO :: Successfully subscribed
2021-07-11 14:25:21,160 INFO :: Successfully subscribed
2021-07-11 14:25:21,286 DEBUG :: https://api.binance.com:443 "GET /api/v3/exchangeInfo?symbols=%5B%22BTCUSDT%22%2C%22ETHUSDT%22%2C%22ADAUSDT%22%2C%22DOGEUSDT%22%2C%22LTCUSDT%22%2C%22BNBUSDT%22%5D HTTP/1.1" 200 870
2021-07-11 14:25:21,286 INFO :: Binance Margin Client was successfully initialized
2021-07-11 14:25:21,879 INFO :: Binance Margin Websocket connection opened
2021-07-11 14:25:21,895 INFO :: Successfully subscribed
2021-07-11 14:25:21,895 INFO :: Successfully subscribed
2021-07-11 14:25:27,403 DEBUG :: Starting new HTTPS connection (1): api.binance.com:443
2021-07-11 14:25:27,622 DEBUG :: https://api.binance.com:443 "GET /api/v3/ticker/bookTicker?symbol=BTCUSDT HTTP/1.1" 200 120
2021-07-11 14:27:32,929 DEBUG :: Starting new HTTPS connection (1): api.binance.com:443
2021-07-11 14:27:33,226 DEBUG :: https://api.binance.com:443 "GET /sapi/v1/accountSnapshot?type=SPOT&timestamp=1625993852929&signature=94f0db53edd1aad242c1005fe27dbc8525b0557a45e24679c55e400b7982d09f HTTP/1.1" 200 None
2021-07-11 14:27:33,226 INFO :: Running get_contracts
2021-07-11 14:27:33,226 DEBUG :: Starting new HTTPS connection (1): api.binance.com:443
2021-07-11 14:27:33,429 DEBUG :: https://api.binance.com:443 "GET /api/v3/exchangeInfo?symbols=%5B%22BTCUSDT%22%2C%22ETHUSDT%22%2C%22ADAUSDT%22%2C%22DOGEUSDT%22%2C%22LTCUSDT%22%2C%22BNBUSDT%22%5D HTTP/1.1" 200 870
2021-07-11 14:27:33,445 INFO :: Binance Spot Client was successfully initialized
2021-07-11 14:27:33,445 DEBUG :: Starting new HTTPS connection (1): api.binance.com:443
2021-07-11 14:27:33,695 DEBUG :: https://api.binance.com:443 "GET /sapi/v1/accountSnapshot?type=MARGIN&timestamp=1625993853445&signature=eff23ef58c7b5ed36e0274177dea0c5da3cf60775fa060933dfffd4c8d88f748 HTTP/1.1" 200 None
2021-07-11 14:27:33,695 INFO :: Running get_contracts
2021-07-11 14:27:33,710 DEBUG :: Starting new HTTPS connection (1): api.binance.com:443
2021-07-11 14:27:33,914 DEBUG :: https://api.binance.com:443 "GET /api/v3/exchangeInfo?symbols=%5B%22BTCUSDT%22%2C%22ETHUSDT%22%2C%22ADAUSDT%22%2C%22DOGEUSDT%22%2C%22LTCUSDT%22%2C%22BNBUSDT%22%5D HTTP/1.1" 200 870
2021-07-11 14:27:33,914 INFO :: Binance Margin Client was successfully initialized
2021-07-11 14:27:34,117 INFO :: Binance  Websocket connection opened
2021-07-11 14:27:34,117 INFO :: Successfully subscribed
2021-07-11 14:27:34,117 INFO :: Successfully subscribed
2021-07-11 14:27:34,555 INFO :: Binance Margin Websocket connection opened
2021-07-11 14:27:34,555 INFO :: Successfully subscribed
2021-07-11 14:27:34,555 INFO :: Successfully subscribed
2021-07-11 14:27:40,035 DEBUG :: Starting new HTTPS connection (1): api.binance.com:443
2021-07-11 14:27:40,253 DEBUG :: https://api.binance.com:443 "GET /api/v3/ticker/bookTicker?symbol=BTCUSDT HTTP/1.1" 200 120
2021-07-11 14:27:41,761 DEBUG :: Starting new HTTPS connection (1): api.binance.com:443
2021-07-11 14:27:41,964 DEBUG :: https://api.binance.com:443 "GET /api/v3/ticker/bookTicker?symbol=BTCUSDT HTTP/1.1" 200 120
2021-07-11 14:27:43,480 DEBUG :: Starting new HTTPS connection (1): api.binance.com:443
2021-07-11 14:27:43,698 DEBUG :: https://api.binance.com:443 "GET /api/v3/ticker/bookTicker?symbol=BTCUSDT HTTP/1.1" 200 120
2021-07-11 14:37:49,630 DEBUG :: Starting new HTTPS connection (1): api.binance.com:443
2021-07-11 14:37:49,979 DEBUG :: https://api.binance.com:443 "GET /sapi/v1/accountSnapshot?type=SPOT&timestamp=1625994469626&signature=5bbf877dc5f4877ef4b7bdd2ccac6f4c323635e70cbb76eacd4bc82621eb0e0e HTTP/1.1" 200 None
2021-07-11 14:37:49,981 INFO :: Running get_contracts
2021-07-11 14:37:49,984 DEBUG :: Starting new HTTPS connection (1): api.binance.com:443
2021-07-11 14:37:50,206 DEBUG :: https://api.binance.com:443 "GET /api/v3/exchangeInfo?symbols=%5B%22BTCUSDT%22%2C%22ETHUSDT%22%2C%22ADAUSDT%22%2C%22DOGEUSDT%22%2C%22LTCUSDT%22%2C%22BNBUSDT%22%5D HTTP/1.1" 200 868
2021-07-11 14:37:50,214 INFO :: Binance Spot Client was successfully initialized
2021-07-11 14:37:50,216 DEBUG :: Starting new HTTPS connection (1): api.binance.com:443
2021-07-11 14:37:50,469 DEBUG :: https://api.binance.com:443 "GET /sapi/v1/accountSnapshot?type=MARGIN&timestamp=1625994470214&signature=1b4c3e5895cbd74dfadeed4cd8cd29364afa4bb791e0df94d9042e1efca10d98 HTTP/1.1" 200 None
2021-07-11 14:37:50,485 INFO :: Running get_contracts
2021-07-11 14:37:50,485 DEBUG :: Starting new HTTPS connection (1): api.binance.com:443
2021-07-11 14:37:50,688 DEBUG :: https://api.binance.com:443 "GET /api/v3/exchangeInfo?symbols=%5B%22BTCUSDT%22%2C%22ETHUSDT%22%2C%22ADAUSDT%22%2C%22DOGEUSDT%22%2C%22LTCUSDT%22%2C%22BNBUSDT%22%5D HTTP/1.1" 200 868
2021-07-11 14:37:50,704 INFO :: Binance Margin Client was successfully initialized
2021-07-11 14:37:50,844 INFO :: Binance  Websocket connection opened
2021-07-11 14:37:50,844 INFO :: Successfully subscribed
2021-07-11 14:37:50,844 INFO :: Successfully subscribed
2021-07-11 14:37:51,313 INFO :: Binance Margin Websocket connection opened
2021-07-11 14:37:51,313 INFO :: Successfully subscribed
2021-07-11 14:37:51,313 INFO :: Successfully subscribed
2021-07-11 14:37:56,826 DEBUG :: Starting new HTTPS connection (1): api.binance.com:443
2021-07-11 14:37:57,108 DEBUG :: https://api.binance.com:443 "GET /api/v3/ticker/bookTicker?symbol=BTCUSDT HTTP/1.1" 200 120
2021-07-11 14:37:58,621 DEBUG :: Starting new HTTPS connection (1): api.binance.com:443
2021-07-11 14:37:59,137 DEBUG :: https://api.binance.com:443 "GET /api/v3/ticker/bookTicker?symbol=BTCUSDT HTTP/1.1" 200 120
2021-07-11 14:38:00,653 DEBUG :: Starting new HTTPS connection (1): api.binance.com:443
2021-07-11 14:38:00,872 DEBUG :: https://api.binance.com:443 "GET /api/v3/ticker/bookTicker?symbol=BTCUSDT HTTP/1.1" 200 120
2021-07-11 14:38:02,373 DEBUG :: Starting new HTTPS connection (1): api.binance.com:443
2021-07-11 14:38:02,576 DEBUG :: https://api.binance.com:443 "GET /api/v3/ticker/bookTicker?symbol=BTCUSDT HTTP/1.1" 200 120
2021-07-11 14:38:04,092 DEBUG :: Starting new HTTPS connection (1): api.binance.com:443
2021-07-11 14:38:04,311 DEBUG :: https://api.binance.com:443 "GET /api/v3/ticker/bookTicker?symbol=BTCUSDT HTTP/1.1" 200 120
2021-07-11 14:38:05,820 DEBUG :: Starting new HTTPS connection (1): api.binance.com:443
2021-07-11 14:38:06,305 DEBUG :: https://api.binance.com:443 "GET /api/v3/ticker/bookTicker?symbol=BTCUSDT HTTP/1.1" 200 120
2021-07-11 14:38:06,320 DEBUG :: Starting new HTTPS connection (1): api.binance.com:443
2021-07-11 14:38:06,523 DEBUG :: https://api.binance.com:443 "GET /api/v3/ticker/bookTicker?symbol=BTCUSDT HTTP/1.1" 200 120
2021-07-11 14:38:08,038 DEBUG :: Starting new HTTPS connection (1): api.binance.com:443
2021-07-11 14:38:08,522 DEBUG :: https://api.binance.com:443 "GET /api/v3/ticker/bookTicker?symbol=BTCUSDT HTTP/1.1" 200 120
2021-07-11 14:38:08,538 DEBUG :: Starting new HTTPS connection (1): api.binance.com:443
2021-07-11 14:38:08,741 DEBUG :: https://api.binance.com:443 "GET /api/v3/ticker/bookTicker?symbol=BTCUSDT HTTP/1.1" 200 120
2021-07-11 14:38:10,258 DEBUG :: Starting new HTTPS connection (1): api.binance.com:443
2021-07-11 14:38:10,476 DEBUG :: https://api.binance.com:443 "GET /api/v3/ticker/bookTicker?symbol=BTCUSDT HTTP/1.1" 200 120
2021-07-11 14:38:10,476 DEBUG :: Starting new HTTPS connection (1): api.binance.com:443
2021-07-11 14:38:10,710 DEBUG :: https://api.binance.com:443 "GET /api/v3/ticker/bookTicker?symbol=BTCUSDT HTTP/1.1" 200 120
2021-07-11 14:38:12,227 DEBUG :: Starting new HTTPS connection (1): api.binance.com:443
2021-07-11 14:38:12,445 DEBUG :: https://api.binance.com:443 "GET /api/v3/ticker/bookTicker?symbol=BTCUSDT HTTP/1.1" 200 120
2021-07-11 14:38:12,445 DEBUG :: Starting new HTTPS connection (1): api.binance.com:443
2021-07-11 14:38:12,664 DEBUG :: https://api.binance.com:443 "GET /api/v3/ticker/bookTicker?symbol=BTCUSDT HTTP/1.1" 200 120
2021-07-11 14:38:14,180 DEBUG :: Starting new HTTPS connection (1): api.binance.com:443
2021-07-11 14:38:14,399 DEBUG :: https://api.binance.com:443 "GET /api/v3/ticker/bookTicker?symbol=BTCUSDT HTTP/1.1" 200 120
2021-07-11 14:38:14,415 DEBUG :: Starting new HTTPS connection (1): api.binance.com:443
2021-07-11 14:38:14,853 DEBUG :: https://api.binance.com:443 "GET /api/v3/ticker/bookTicker?symbol=BTCUSDT HTTP/1.1" 200 120
2021-07-11 14:38:16,369 DEBUG :: Starting new HTTPS connection (1): api.binance.com:443
2021-07-11 14:38:16,572 DEBUG :: https://api.binance.com:443 "GET /api/v3/ticker/bookTicker?symbol=BTCUSDT HTTP/1.1" 200 120
2021-07-11 14:38:16,587 DEBUG :: Starting new HTTPS connection (1): api.binance.com:443
2021-07-11 14:38:16,806 DEBUG :: https://api.binance.com:443 "GET /api/v3/ticker/bookTicker?symbol=BTCUSDT HTTP/1.1" 200 120
2021-07-11 14:38:18,322 DEBUG :: Starting new HTTPS connection (1): api.binance.com:443
2021-07-11 14:38:18,557 DEBUG :: https://api.binance.com:443 "GET /api/v3/ticker/bookTicker?symbol=BTCUSDT HTTP/1.1" 200 120
2021-07-11 14:38:18,557 DEBUG :: Starting new HTTPS connection (1): api.binance.com:443
2021-07-11 14:38:18,776 DEBUG :: https://api.binance.com:443 "GET /api/v3/ticker/bookTicker?symbol=BTCUSDT HTTP/1.1" 200 120
2021-07-11 14:38:20,292 DEBUG :: Starting new HTTPS connection (1): api.binance.com:443
2021-07-11 14:38:20,510 DEBUG :: https://api.binance.com:443 "GET /api/v3/ticker/bookTicker?symbol=BTCUSDT HTTP/1.1" 200 120
2021-07-11 14:38:20,510 DEBUG :: Starting new HTTPS connection (1): api.binance.com:443
2021-07-11 14:38:20,714 DEBUG :: https://api.binance.com:443 "GET /api/v3/ticker/bookTicker?symbol=BTCUSDT HTTP/1.1" 200 120
2021-07-11 14:38:22,245 DEBUG :: Starting new HTTPS connection (1): api.binance.com:443
2021-07-11 14:38:22,448 DEBUG :: https://api.binance.com:443 "GET /api/v3/ticker/bookTicker?symbol=BTCUSDT HTTP/1.1" 200 120
2021-07-11 14:38:22,448 DEBUG :: Starting new HTTPS connection (1): api.binance.com:443
2021-07-11 14:38:22,667 DEBUG :: https://api.binance.com:443 "GET /api/v3/ticker/bookTicker?symbol=BTCUSDT HTTP/1.1" 200 120
2021-07-11 14:38:24,184 DEBUG :: Starting new HTTPS connection (1): api.binance.com:443
2021-07-11 14:38:24,386 DEBUG :: https://api.binance.com:443 "GET /api/v3/ticker/bookTicker?symbol=BTCUSDT HTTP/1.1" 200 120
2021-07-11 14:38:24,402 DEBUG :: Starting new HTTPS connection (1): api.binance.com:443
2021-07-11 14:38:24,621 DEBUG :: https://api.binance.com:443 "GET /api/v3/ticker/bookTicker?symbol=BTCUSDT HTTP/1.1" 200 120
2021-07-11 14:38:26,138 DEBUG :: Starting new HTTPS connection (1): api.binance.com:443
2021-07-11 14:38:26,340 DEBUG :: https://api.binance.com:443 "GET /api/v3/ticker/bookTicker?symbol=BTCUSDT HTTP/1.1" 200 120
2021-07-11 14:38:26,356 DEBUG :: Starting new HTTPS connection (1): api.binance.com:443
2021-07-11 14:38:26,575 DEBUG :: https://api.binance.com:443 "GET /api/v3/ticker/bookTicker?symbol=BTCUSDT HTTP/1.1" 200 120
2021-07-11 14:38:28,091 DEBUG :: Starting new HTTPS connection (1): api.binance.com:443
2021-07-11 14:38:28,294 DEBUG :: https://api.binance.com:443 "GET /api/v3/ticker/bookTicker?symbol=BTCUSDT HTTP/1.1" 200 120
2021-07-11 14:38:28,294 DEBUG :: Starting new HTTPS connection (1): api.binance.com:443
2021-07-11 14:38:28,513 DEBUG :: https://api.binance.com:443 "GET /api/v3/ticker/bookTicker?symbol=BTCUSDT HTTP/1.1" 200 120
2021-07-11 14:38:54,517 DEBUG :: Starting new HTTPS connection (1): api.binance.com:443
2021-07-11 14:38:54,829 DEBUG :: https://api.binance.com:443 "GET /sapi/v1/accountSnapshot?type=SPOT&timestamp=1625994534517&signature=ad5ca5fc20b4b91a1ecea46c0d3fdcdc9b65b19c642d8ebd1d72f087b6501552 HTTP/1.1" 200 None
2021-07-11 14:38:54,829 INFO :: Running get_contracts
2021-07-11 14:38:54,829 DEBUG :: Starting new HTTPS connection (1): api.binance.com:443
2021-07-11 14:38:55,032 DEBUG :: https://api.binance.com:443 "GET /api/v3/exchangeInfo?symbols=%5B%22BTCUSDT%22%2C%22ETHUSDT%22%2C%22ADAUSDT%22%2C%22DOGEUSDT%22%2C%22LTCUSDT%22%2C%22BNBUSDT%22%5D HTTP/1.1" 200 869
2021-07-11 14:38:55,048 INFO :: Binance Spot Client was successfully initialized
2021-07-11 14:38:55,048 DEBUG :: Starting new HTTPS connection (1): api.binance.com:443
2021-07-11 14:38:55,298 DEBUG :: https://api.binance.com:443 "GET /sapi/v1/accountSnapshot?type=MARGIN&timestamp=1625994535048&signature=e56c731d1353dada4837629922151f1ec3332bf090ef41377548c8d1fd9c4713 HTTP/1.1" 200 None
2021-07-11 14:38:55,314 INFO :: Running get_contracts
2021-07-11 14:38:55,314 DEBUG :: Starting new HTTPS connection (1): api.binance.com:443
2021-07-11 14:38:55,533 DEBUG :: https://api.binance.com:443 "GET /api/v3/exchangeInfo?symbols=%5B%22BTCUSDT%22%2C%22ETHUSDT%22%2C%22ADAUSDT%22%2C%22DOGEUSDT%22%2C%22LTCUSDT%22%2C%22BNBUSDT%22%5D HTTP/1.1" 200 868
2021-07-11 14:38:55,548 INFO :: Binance Margin Client was successfully initialized
2021-07-11 14:38:55,705 INFO :: Binance  Websocket connection opened
2021-07-11 14:38:55,705 INFO :: Successfully subscribed
2021-07-11 14:38:55,705 INFO :: Successfully subscribed
2021-07-11 14:38:56,174 INFO :: Binance Margin Websocket connection opened
2021-07-11 14:38:56,174 INFO :: Successfully subscribed
2021-07-11 14:38:56,174 INFO :: Successfully subscribed
2021-07-11 14:39:36,147 DEBUG :: Starting new HTTPS connection (1): api.binance.com:443
2021-07-11 14:39:36,429 DEBUG :: https://api.binance.com:443 "GET /sapi/v1/accountSnapshot?type=SPOT&timestamp=1625994576147&signature=6ab293cab7ad2e5ee14cf9e590a5b4cc09bebcd89c4626ad3bc5ef343694f0b6 HTTP/1.1" 200 None
2021-07-11 14:39:36,429 INFO :: Running get_contracts
2021-07-11 14:39:36,429 DEBUG :: Starting new HTTPS connection (1): api.binance.com:443
2021-07-11 14:39:36,648 DEBUG :: https://api.binance.com:443 "GET /api/v3/exchangeInfo?symbols=%5B%22BTCUSDT%22%2C%22ETHUSDT%22%2C%22ADAUSDT%22%2C%22DOGEUSDT%22%2C%22LTCUSDT%22%2C%22BNBUSDT%22%5D HTTP/1.1" 200 869
2021-07-11 14:39:36,648 INFO :: Binance Spot Client was successfully initialized
2021-07-11 14:39:36,648 DEBUG :: Starting new HTTPS connection (1): api.binance.com:443
2021-07-11 14:39:37,148 DEBUG :: https://api.binance.com:443 "GET /sapi/v1/accountSnapshot?type=MARGIN&timestamp=1625994576648&signature=b080a16c3bc88390bd860c1ce9dff6f94e30ed973a615521d8c1a23bf3fcd766 HTTP/1.1" 200 None
2021-07-11 14:39:37,148 INFO :: Running get_contracts
2021-07-11 14:39:37,148 DEBUG :: Starting new HTTPS connection (1): api.binance.com:443
2021-07-11 14:39:37,367 DEBUG :: https://api.binance.com:443 "GET /api/v3/exchangeInfo?symbols=%5B%22BTCUSDT%22%2C%22ETHUSDT%22%2C%22ADAUSDT%22%2C%22DOGEUSDT%22%2C%22LTCUSDT%22%2C%22BNBUSDT%22%5D HTTP/1.1" 200 868
2021-07-11 14:39:37,382 INFO :: Binance Margin Client was successfully initialized
2021-07-11 14:39:37,413 INFO :: Binance  Websocket connection opened
2021-07-11 14:39:37,413 INFO :: Successfully subscribed
2021-07-11 14:39:37,413 INFO :: Successfully subscribed
2021-07-11 14:39:37,992 INFO :: Binance Margin Websocket connection opened
2021-07-11 14:39:37,992 INFO :: Successfully subscribed
2021-07-11 14:39:37,992 INFO :: Successfully subscribed
2021-07-11 14:40:20,621 DEBUG :: Starting new HTTPS connection (1): api.binance.com:443
2021-07-11 14:40:20,887 DEBUG :: https://api.binance.com:443 "GET /sapi/v1/accountSnapshot?type=SPOT&timestamp=1625994620621&signature=4adab76996cfbdf7d91455d50a1f55040dcc9fd35ef6eb98843b3635de52c6eb HTTP/1.1" 200 None
2021-07-11 14:40:20,887 INFO :: Running get_contracts
2021-07-11 14:40:20,903 DEBUG :: Starting new HTTPS connection (1): api.binance.com:443
2021-07-11 14:40:21,122 DEBUG :: https://api.binance.com:443 "GET /api/v3/exchangeInfo?symbols=%5B%22BTCUSDT%22%2C%22ETHUSDT%22%2C%22ADAUSDT%22%2C%22DOGEUSDT%22%2C%22LTCUSDT%22%2C%22BNBUSDT%22%5D HTTP/1.1" 200 868
2021-07-11 14:40:21,122 INFO :: Binance Spot Client was successfully initialized
2021-07-11 14:40:21,122 DEBUG :: Starting new HTTPS connection (1): api.binance.com:443
2021-07-11 14:40:21,356 DEBUG :: https://api.binance.com:443 "GET /sapi/v1/accountSnapshot?type=MARGIN&timestamp=1625994621122&signature=59c5ec9e39278e4ad68297e6dd77b4a423032fb9d7452b859fb6d03e2fe33604 HTTP/1.1" 200 None
2021-07-11 14:40:21,356 INFO :: Running get_contracts
2021-07-11 14:40:21,372 DEBUG :: Starting new HTTPS connection (1): api.binance.com:443
2021-07-11 14:40:21,575 DEBUG :: https://api.binance.com:443 "GET /api/v3/exchangeInfo?symbols=%5B%22BTCUSDT%22%2C%22ETHUSDT%22%2C%22ADAUSDT%22%2C%22DOGEUSDT%22%2C%22LTCUSDT%22%2C%22BNBUSDT%22%5D HTTP/1.1" 200 868
2021-07-11 14:40:21,575 INFO :: Binance Margin Client was successfully initialized
2021-07-11 14:40:21,747 INFO :: Binance  Websocket connection opened
2021-07-11 14:40:21,747 INFO :: Successfully subscribed
2021-07-11 14:40:21,747 INFO :: Successfully subscribed
2021-07-11 14:40:22,216 INFO :: Binance Margin Websocket connection opened
2021-07-11 14:40:22,216 INFO :: Successfully subscribed
2021-07-11 14:40:22,216 INFO :: Successfully subscribed
2021-07-11 14:42:28,468 DEBUG :: Starting new HTTPS connection (1): api.binance.com:443
2021-07-11 14:42:29,031 DEBUG :: https://api.binance.com:443 "GET /sapi/v1/accountSnapshot?type=SPOT&timestamp=1625994748452&signature=89950005d37775d61417ea1c01b44b6e31b87ac62a3c826fa233899796e1c577 HTTP/1.1" 200 None
2021-07-11 14:42:29,031 INFO :: Running get_contracts
2021-07-11 14:42:29,031 DEBUG :: Starting new HTTPS connection (1): api.binance.com:443
2021-07-11 14:42:29,249 DEBUG :: https://api.binance.com:443 "GET /api/v3/exchangeInfo?symbols=%5B%22BTCUSDT%22%2C%22ETHUSDT%22%2C%22ADAUSDT%22%2C%22DOGEUSDT%22%2C%22LTCUSDT%22%2C%22BNBUSDT%22%5D HTTP/1.1" 200 868
2021-07-11 14:42:29,249 INFO :: Binance Spot Client was successfully initialized
2021-07-11 14:42:29,249 DEBUG :: Starting new HTTPS connection (1): api.binance.com:443
2021-07-11 14:42:29,703 DEBUG :: https://api.binance.com:443 "GET /sapi/v1/accountSnapshot?type=MARGIN&timestamp=1625994749249&signature=9efa0f76c55b094f7dd2f3b1f38cfb8570f066e14a34be88a576eaf38af19358 HTTP/1.1" 200 None
2021-07-11 14:42:29,703 INFO :: Running get_contracts
2021-07-11 14:42:29,718 DEBUG :: Starting new HTTPS connection (1): api.binance.com:443
2021-07-11 14:42:29,937 DEBUG :: https://api.binance.com:443 "GET /api/v3/exchangeInfo?symbols=%5B%22BTCUSDT%22%2C%22ETHUSDT%22%2C%22ADAUSDT%22%2C%22DOGEUSDT%22%2C%22LTCUSDT%22%2C%22BNBUSDT%22%5D HTTP/1.1" 200 869
2021-07-11 14:42:29,937 INFO :: Binance Margin Client was successfully initialized
2021-07-11 14:42:30,078 INFO :: Binance  Websocket connection opened
2021-07-11 14:42:30,078 INFO :: Successfully subscribed to dogeusdt bookTicker
2021-07-11 14:42:30,078 INFO :: Successfully subscribed to dogeusdt aggTrade
2021-07-11 14:42:30,547 INFO :: Binance Margin Websocket connection opened
2021-07-11 14:42:30,547 INFO :: Successfully subscribed
2021-07-11 14:42:30,547 INFO :: Successfully subscribed
2021-07-11 14:42:41,386 DEBUG :: Starting new HTTPS connection (1): api.binance.com:443
2021-07-11 14:42:41,667 DEBUG :: https://api.binance.com:443 "GET /sapi/v1/accountSnapshot?type=SPOT&timestamp=1625994761370&signature=485912c4728e90926093eed39e74b304e76ff405c6da80582753008633b2a0c3 HTTP/1.1" 200 None
2021-07-11 14:42:41,667 INFO :: Running get_contracts
2021-07-11 14:42:41,667 DEBUG :: Starting new HTTPS connection (1): api.binance.com:443
2021-07-11 14:42:41,870 DEBUG :: https://api.binance.com:443 "GET /api/v3/exchangeInfo?symbols=%5B%22BTCUSDT%22%2C%22ETHUSDT%22%2C%22ADAUSDT%22%2C%22DOGEUSDT%22%2C%22LTCUSDT%22%2C%22BNBUSDT%22%5D HTTP/1.1" 200 868
2021-07-11 14:42:41,886 INFO :: Binance Spot Client was successfully initialized
2021-07-11 14:42:41,886 DEBUG :: Starting new HTTPS connection (1): api.binance.com:443
2021-07-11 14:42:42,120 DEBUG :: https://api.binance.com:443 "GET /sapi/v1/accountSnapshot?type=MARGIN&timestamp=1625994761886&signature=5de80cd1035ed7d7d45200d02bbad5d8411f5f1eba94199d795db96192322aee HTTP/1.1" 200 None
2021-07-11 14:42:42,120 INFO :: Running get_contracts
2021-07-11 14:42:42,120 DEBUG :: Starting new HTTPS connection (1): api.binance.com:443
2021-07-11 14:42:42,339 DEBUG :: https://api.binance.com:443 "GET /api/v3/exchangeInfo?symbols=%5B%22BTCUSDT%22%2C%22ETHUSDT%22%2C%22ADAUSDT%22%2C%22DOGEUSDT%22%2C%22LTCUSDT%22%2C%22BNBUSDT%22%5D HTTP/1.1" 200 868
2021-07-11 14:42:42,339 INFO :: Binance Margin Client was successfully initialized
2021-07-11 14:42:42,511 INFO :: Binance  Websocket connection opened
2021-07-11 14:42:42,511 INFO :: Successfully subscribed to dogeusdt@bookTicker
2021-07-11 14:42:42,511 INFO :: Successfully subscribed to dogeusdt@aggTrade
2021-07-11 14:42:42,949 INFO :: Binance Margin Websocket connection opened
2021-07-11 14:42:42,949 INFO :: Successfully subscribed
2021-07-11 14:42:42,949 INFO :: Successfully subscribed
2021-07-11 14:44:20,783 DEBUG :: Starting new HTTPS connection (1): api.binance.com:443
2021-07-11 14:44:21,095 DEBUG :: https://api.binance.com:443 "GET /sapi/v1/accountSnapshot?type=SPOT&timestamp=1625994860783&signature=3802ff82aa8f56ec7235c15d49a63ff2e52af6e89c0bf9144d293497c83b9385 HTTP/1.1" 200 None
2021-07-11 14:44:21,095 INFO :: Running get_contracts
2021-07-11 14:44:21,095 DEBUG :: Starting new HTTPS connection (1): api.binance.com:443
2021-07-11 14:44:21,330 DEBUG :: https://api.binance.com:443 "GET /api/v3/exchangeInfo?symbols=%5B%22BTCUSDT%22%2C%22ETHUSDT%22%2C%22ADAUSDT%22%2C%22DOGEUSDT%22%2C%22LTCUSDT%22%2C%22BNBUSDT%22%5D HTTP/1.1" 200 868
2021-07-11 14:44:21,345 INFO :: Binance Spot Client was successfully initialized
2021-07-11 14:44:21,345 DEBUG :: Starting new HTTPS connection (1): api.binance.com:443
2021-07-11 14:44:21,611 DEBUG :: https://api.binance.com:443 "GET /sapi/v1/accountSnapshot?type=MARGIN&timestamp=1625994861345&signature=bd172e5ee346781cb01e2559b2bf83262d1479aa1b158add059b53deec2158e2 HTTP/1.1" 200 None
2021-07-11 14:44:21,611 INFO :: Running get_contracts
2021-07-11 14:44:21,611 DEBUG :: Starting new HTTPS connection (1): api.binance.com:443
2021-07-11 14:44:21,986 INFO :: Binance  Websocket connection opened
2021-07-11 14:44:21,986 INFO :: Successfully subscribed to dogeusdt@bookTicker
2021-07-11 14:44:22,002 INFO :: Successfully subscribed to dogeusdt@aggTrade
2021-07-11 14:44:22,158 DEBUG :: https://api.binance.com:443 "GET /api/v3/exchangeInfo?symbols=%5B%22BTCUSDT%22%2C%22ETHUSDT%22%2C%22ADAUSDT%22%2C%22DOGEUSDT%22%2C%22LTCUSDT%22%2C%22BNBUSDT%22%5D HTTP/1.1" 200 868
2021-07-11 14:44:22,158 INFO :: Binance Margin Client was successfully initialized
2021-07-11 14:44:22,768 INFO :: Binance Margin Websocket connection opened
2021-07-11 14:44:22,768 INFO :: Successfully subscribed
2021-07-11 14:44:22,768 INFO :: Successfully subscribed
2021-07-11 14:44:57,879 DEBUG :: Starting new HTTPS connection (1): api.binance.com:443
2021-07-11 14:44:58,155 DEBUG :: https://api.binance.com:443 "GET /sapi/v1/accountSnapshot?type=SPOT&timestamp=1625994897879&signature=69232d2410f17e515a8a2f9169994c71b4887598fadf3f127b7ca500778bb128 HTTP/1.1" 200 None
2021-07-11 14:44:58,159 INFO :: Running get_contracts
2021-07-11 14:44:58,162 DEBUG :: Starting new HTTPS connection (1): api.binance.com:443
2021-07-11 14:44:58,374 DEBUG :: https://api.binance.com:443 "GET /api/v3/exchangeInfo?symbols=%5B%22BTCUSDT%22%2C%22ETHUSDT%22%2C%22ADAUSDT%22%2C%22DOGEUSDT%22%2C%22LTCUSDT%22%2C%22BNBUSDT%22%5D HTTP/1.1" 200 869
2021-07-11 14:44:59,875 INFO :: Binance Spot Client was successfully initialized
2021-07-11 14:44:59,875 DEBUG :: Starting new HTTPS connection (1): api.binance.com:443
2021-07-11 14:45:00,128 DEBUG :: https://api.binance.com:443 "GET /sapi/v1/accountSnapshot?type=MARGIN&timestamp=1625994899875&signature=215fa07a9efd73934c4e8f33bdcf0e6ee13877275c209ca947ec84c4d0168f57 HTTP/1.1" 200 None
2021-07-11 14:45:00,131 INFO :: Running get_contracts
2021-07-11 14:45:00,134 DEBUG :: Starting new HTTPS connection (1): api.binance.com:443
2021-07-11 14:45:00,336 DEBUG :: https://api.binance.com:443 "GET /api/v3/exchangeInfo?symbols=%5B%22BTCUSDT%22%2C%22ETHUSDT%22%2C%22ADAUSDT%22%2C%22DOGEUSDT%22%2C%22LTCUSDT%22%2C%22BNBUSDT%22%5D HTTP/1.1" 200 868
2021-07-11 14:45:00,336 INFO :: Binance Margin Client was successfully initialized
2021-07-11 14:45:00,503 INFO :: Binance  Websocket connection opened
2021-07-11 14:45:00,503 INFO :: Successfully subscribed to dogeusdt@bookTicker
2021-07-11 14:45:00,503 INFO :: Successfully subscribed to dogeusdt@aggTrade
2021-07-11 14:45:00,958 INFO :: Binance Margin Websocket connection opened
2021-07-11 14:45:00,958 INFO :: Successfully subscribed
2021-07-11 14:45:00,958 INFO :: Successfully subscribed
2021-07-11 14:45:56,376 DEBUG :: Starting new HTTPS connection (1): api.binance.com:443
2021-07-11 14:45:56,657 DEBUG :: https://api.binance.com:443 "GET /sapi/v1/accountSnapshot?type=SPOT&timestamp=1625994956376&signature=55f4e954019c485b5e9ffa1c0e6dfa98db767f57258ea6077f41401512d687ce HTTP/1.1" 200 None
2021-07-11 14:45:56,657 INFO :: Running get_contracts
2021-07-11 14:45:56,657 DEBUG :: Starting new HTTPS connection (1): api.binance.com:443
2021-07-11 14:45:56,891 DEBUG :: https://api.binance.com:443 "GET /api/v3/exchangeInfo?symbols=%5B%22BTCUSDT%22%2C%22ETHUSDT%22%2C%22ADAUSDT%22%2C%22DOGEUSDT%22%2C%22LTCUSDT%22%2C%22BNBUSDT%22%5D HTTP/1.1" 200 867
2021-07-11 14:45:56,891 INFO :: Binance Spot Client was successfully initialized
2021-07-11 14:45:56,891 DEBUG :: Starting new HTTPS connection (1): api.binance.com:443
2021-07-11 14:45:57,157 DEBUG :: https://api.binance.com:443 "GET /sapi/v1/accountSnapshot?type=MARGIN&timestamp=1625994956891&signature=99413aacb0fcf96cbe2491b068a6170c9fc5bc436f9245b4e34a05c3f9d69e56 HTTP/1.1" 200 None
2021-07-11 14:45:57,173 INFO :: Running get_contracts
2021-07-11 14:45:57,173 DEBUG :: Starting new HTTPS connection (1): api.binance.com:443
2021-07-11 14:45:57,438 DEBUG :: https://api.binance.com:443 "GET /api/v3/exchangeInfo?symbols=%5B%22BTCUSDT%22%2C%22ETHUSDT%22%2C%22ADAUSDT%22%2C%22DOGEUSDT%22%2C%22LTCUSDT%22%2C%22BNBUSDT%22%5D HTTP/1.1" 200 868
2021-07-11 14:45:57,454 INFO :: Binance Margin Client was successfully initialized
2021-07-11 14:45:57,532 INFO :: Binance  Websocket connection opened
2021-07-11 14:45:57,532 INFO :: Successfully subscribed to dogeusdt@bookTicker
2021-07-11 14:45:57,532 INFO :: Successfully subscribed to dogeusdt@aggTrade
2021-07-11 14:45:58,080 INFO :: Binance Margin Websocket connection opened
2021-07-11 14:45:58,080 INFO :: Successfully subscribed
2021-07-11 14:45:58,080 INFO :: Successfully subscribed
2021-07-11 14:47:27,442 DEBUG :: Starting new HTTPS connection (1): api.binance.com:443
2021-07-11 14:47:28,005 DEBUG :: https://api.binance.com:443 "GET /sapi/v1/accountSnapshot?type=SPOT&timestamp=1625995047426&signature=4d2edfec7e88f209e2c5c0aa19fae3f27434134959391952cc331f1671fbcc4d HTTP/1.1" 200 None
2021-07-11 14:47:28,005 INFO :: Running get_contracts
2021-07-11 14:47:28,020 DEBUG :: Starting new HTTPS connection (1): api.binance.com:443
2021-07-11 14:47:28,224 DEBUG :: https://api.binance.com:443 "GET /api/v3/exchangeInfo?symbols=%5B%22BTCUSDT%22%2C%22ETHUSDT%22%2C%22ADAUSDT%22%2C%22DOGEUSDT%22%2C%22LTCUSDT%22%2C%22BNBUSDT%22%5D HTTP/1.1" 200 868
2021-07-11 14:47:28,224 INFO :: Binance Spot Client was successfully initialized
2021-07-11 14:47:28,224 DEBUG :: Starting new HTTPS connection (1): api.binance.com:443
2021-07-11 14:47:28,489 DEBUG :: https://api.binance.com:443 "GET /sapi/v1/accountSnapshot?type=MARGIN&timestamp=1625995048224&signature=03ee1d6a882f300b29482cb6e21e280468bf00c8ba31005f6f9681b76fb9de16 HTTP/1.1" 200 None
2021-07-11 14:47:28,489 INFO :: Running get_contracts
2021-07-11 14:47:28,489 DEBUG :: Starting new HTTPS connection (1): api.binance.com:443
2021-07-11 14:47:28,692 DEBUG :: https://api.binance.com:443 "GET /api/v3/exchangeInfo?symbols=%5B%22BTCUSDT%22%2C%22ETHUSDT%22%2C%22ADAUSDT%22%2C%22DOGEUSDT%22%2C%22LTCUSDT%22%2C%22BNBUSDT%22%5D HTTP/1.1" 200 868
2021-07-11 14:47:28,692 INFO :: Binance Margin Client was successfully initialized
2021-07-11 14:47:28,864 INFO :: Binance  Websocket connection opened
2021-07-11 14:47:28,864 INFO :: Adding btcusdt @ bookTicker to subscribe list
2021-07-11 14:47:28,864 INFO :: Adding ethusdt @ bookTicker to subscribe list
2021-07-11 14:47:28,864 INFO :: Adding bnbusdt @ bookTicker to subscribe list
2021-07-11 14:47:28,864 INFO :: Adding ltcusdt @ bookTicker to subscribe list
2021-07-11 14:47:28,864 INFO :: Adding adausdt @ bookTicker to subscribe list
2021-07-11 14:47:28,864 INFO :: Adding dogeusdt @ bookTicker to subscribe list
2021-07-11 14:47:28,864 INFO :: Successfully subscribed
2021-07-11 14:47:28,864 INFO :: Adding btcusdt @ aggTrade to subscribe list
2021-07-11 14:47:28,864 INFO :: Adding ethusdt @ aggTrade to subscribe list
2021-07-11 14:47:28,864 INFO :: Adding bnbusdt @ aggTrade to subscribe list
2021-07-11 14:47:28,864 INFO :: Adding ltcusdt @ aggTrade to subscribe list
2021-07-11 14:47:28,864 INFO :: Adding adausdt @ aggTrade to subscribe list
2021-07-11 14:47:28,864 INFO :: Adding dogeusdt @ aggTrade to subscribe list
2021-07-11 14:47:28,864 INFO :: Successfully subscribed
2021-07-11 14:47:29,333 INFO :: Binance Margin Websocket connection opened
2021-07-11 14:47:29,333 INFO :: Successfully subscribed
2021-07-11 14:47:29,333 INFO :: Successfully subscribed
2021-07-11 14:50:00,677 DEBUG :: Starting new HTTPS connection (1): api.binance.com:443
2021-07-11 14:50:00,974 DEBUG :: https://api.binance.com:443 "GET /sapi/v1/accountSnapshot?type=SPOT&timestamp=1625995200677&signature=3844c0e174983b16fea67865390bbb8bc9ad11f6f7bc59fd817abd53614c6bbc HTTP/1.1" 200 None
2021-07-11 14:50:00,974 INFO :: Running get_contracts
2021-07-11 14:50:00,974 DEBUG :: Starting new HTTPS connection (1): api.binance.com:443
2021-07-11 14:50:01,193 DEBUG :: https://api.binance.com:443 "GET /api/v3/exchangeInfo?symbols=%5B%22BTCUSDT%22%2C%22ETHUSDT%22%2C%22ADAUSDT%22%2C%22DOGEUSDT%22%2C%22LTCUSDT%22%2C%22BNBUSDT%22%5D HTTP/1.1" 200 868
2021-07-11 14:50:01,193 INFO :: Binance Spot Client was successfully initialized
2021-07-11 14:50:01,193 DEBUG :: Starting new HTTPS connection (1): api.binance.com:443
2021-07-11 14:50:01,443 DEBUG :: https://api.binance.com:443 "GET /sapi/v1/accountSnapshot?type=MARGIN&timestamp=1625995201193&signature=b60891f2be411f769255bb66fdbea5e0bce57b6ea9fb439fba6929e08bf8982f HTTP/1.1" 200 None
2021-07-11 14:50:01,443 INFO :: Running get_contracts
2021-07-11 14:50:01,459 DEBUG :: Starting new HTTPS connection (1): api.binance.com:443
2021-07-11 14:50:01,662 DEBUG :: https://api.binance.com:443 "GET /api/v3/exchangeInfo?symbols=%5B%22BTCUSDT%22%2C%22ETHUSDT%22%2C%22ADAUSDT%22%2C%22DOGEUSDT%22%2C%22LTCUSDT%22%2C%22BNBUSDT%22%5D HTTP/1.1" 200 868
2021-07-11 14:50:01,678 INFO :: Binance Margin Client was successfully initialized
2021-07-11 14:50:01,850 INFO :: Binance  Websocket connection opened
2021-07-11 14:50:01,850 INFO :: Successfully subscribed
2021-07-11 14:50:01,850 INFO :: Successfully subscribed
2021-07-11 14:50:02,287 INFO :: Binance Margin Websocket connection opened
2021-07-11 14:50:02,287 INFO :: Successfully subscribed
2021-07-11 14:50:02,287 INFO :: Successfully subscribed
2021-07-11 14:55:22,060 DEBUG :: Starting new HTTPS connection (1): api.binance.com:443
2021-07-11 14:55:22,404 DEBUG :: https://api.binance.com:443 "GET /sapi/v1/accountSnapshot?type=SPOT&timestamp=1625995522045&signature=643fdbc0fa48471a4effb503329d27d1f723c12101550c51774d932efc0cfc3e HTTP/1.1" 200 None
2021-07-11 14:55:22,404 INFO :: Running get_contracts
2021-07-11 14:55:22,404 DEBUG :: Starting new HTTPS connection (1): api.binance.com:443
2021-07-11 14:55:22,623 DEBUG :: https://api.binance.com:443 "GET /api/v3/exchangeInfo?symbols=%5B%22BTCUSDT%22%2C%22ETHUSDT%22%2C%22ADAUSDT%22%2C%22DOGEUSDT%22%2C%22LTCUSDT%22%2C%22BNBUSDT%22%5D HTTP/1.1" 200 868
2021-07-11 14:55:22,639 INFO :: Binance Spot Client was successfully initialized
2021-07-11 14:55:22,639 DEBUG :: Starting new HTTPS connection (1): api.binance.com:443
2021-07-11 14:55:22,904 DEBUG :: https://api.binance.com:443 "GET /sapi/v1/accountSnapshot?type=MARGIN&timestamp=1625995522639&signature=e667d4e80a880f0d86f5db31c8026b1eed7f6ab7e0d2bd900100c3a92208fed2 HTTP/1.1" 200 None
2021-07-11 14:55:22,904 INFO :: Running get_contracts
2021-07-11 14:55:22,920 DEBUG :: Starting new HTTPS connection (1): api.binance.com:443
2021-07-11 14:55:23,139 DEBUG :: https://api.binance.com:443 "GET /api/v3/exchangeInfo?symbols=%5B%22BTCUSDT%22%2C%22ETHUSDT%22%2C%22ADAUSDT%22%2C%22DOGEUSDT%22%2C%22LTCUSDT%22%2C%22BNBUSDT%22%5D HTTP/1.1" 200 868
2021-07-11 14:55:23,139 INFO :: Binance Margin Client was successfully initialized
2021-07-11 14:55:23,300 INFO :: Binance  Websocket connection opened
2021-07-11 14:55:23,300 INFO :: Successfully subscribed
2021-07-11 14:55:23,300 INFO :: Successfully subscribed
2021-07-11 14:55:23,759 INFO :: Binance Margin Websocket connection opened
2021-07-11 14:55:23,759 INFO :: Successfully subscribed
2021-07-11 14:55:23,759 INFO :: Successfully subscribed
2021-07-11 14:55:32,732 DEBUG :: Starting new HTTPS connection (1): api.binance.com:443
2021-07-11 14:55:33,076 DEBUG :: https://api.binance.com:443 "GET /sapi/v1/accountSnapshot?type=SPOT&timestamp=1625995532717&signature=afd4a06895963788bfd1023b8d8d4fdc4577881be9e58c37f08bcef843f71ca1 HTTP/1.1" 200 None
2021-07-11 14:55:33,451 INFO :: Running get_contracts
2021-07-11 14:55:33,451 DEBUG :: Starting new HTTPS connection (1): api.binance.com:443
2021-07-11 14:55:33,670 DEBUG :: https://api.binance.com:443 "GET /api/v3/exchangeInfo?symbols=%5B%22BTCUSDT%22%2C%22ETHUSDT%22%2C%22ADAUSDT%22%2C%22DOGEUSDT%22%2C%22LTCUSDT%22%2C%22BNBUSDT%22%5D HTTP/1.1" 200 868
2021-07-11 14:55:33,670 INFO :: Binance Spot Client was successfully initialized
2021-07-11 14:55:33,686 DEBUG :: Starting new HTTPS connection (1): api.binance.com:443
2021-07-11 14:55:34,186 DEBUG :: https://api.binance.com:443 "GET /sapi/v1/accountSnapshot?type=MARGIN&timestamp=1625995533686&signature=1af30d3d860befe1a458afdb5cdd08387943e92aebc2b8d4e72c984bdcba03f5 HTTP/1.1" 200 None
2021-07-11 14:55:34,186 INFO :: Running get_contracts
2021-07-11 14:55:34,202 DEBUG :: Starting new HTTPS connection (1): api.binance.com:443
2021-07-11 14:55:34,327 INFO :: Binance  Websocket connection opened
2021-07-11 14:55:34,327 INFO :: Successfully subscribed
2021-07-11 14:55:34,327 INFO :: Successfully subscribed
2021-07-11 14:55:34,420 DEBUG :: https://api.binance.com:443 "GET /api/v3/exchangeInfo?symbols=%5B%22BTCUSDT%22%2C%22ETHUSDT%22%2C%22ADAUSDT%22%2C%22DOGEUSDT%22%2C%22LTCUSDT%22%2C%22BNBUSDT%22%5D HTTP/1.1" 200 868
2021-07-11 14:55:34,420 INFO :: Binance Margin Client was successfully initialized
2021-07-11 14:55:35,093 INFO :: Binance Margin Websocket connection opened
2021-07-11 14:55:35,093 INFO :: Successfully subscribed
2021-07-11 14:55:35,093 INFO :: Successfully subscribed
2021-07-11 14:55:40,551 DEBUG :: Starting new HTTPS connection (1): api.binance.com:443
2021-07-11 14:55:40,755 DEBUG :: https://api.binance.com:443 "GET /api/v3/ticker/bookTicker?symbol=BTCUSDT HTTP/1.1" 200 120
2021-07-11 14:55:42,271 DEBUG :: Starting new HTTPS connection (1): api.binance.com:443
2021-07-11 14:55:42,756 DEBUG :: https://api.binance.com:443 "GET /api/v3/ticker/bookTicker?symbol=BTCUSDT HTTP/1.1" 200 120
2021-07-11 14:55:42,772 DEBUG :: Starting new HTTPS connection (1): api.binance.com:443
2021-07-11 14:55:43,084 DEBUG :: https://api.binance.com:443 "GET /api/v3/ticker/bookTicker?symbol=ETHUSDT HTTP/1.1" 200 118
2021-07-11 14:55:44,610 DEBUG :: Starting new HTTPS connection (1): api.binance.com:443
2021-07-11 14:55:44,813 DEBUG :: https://api.binance.com:443 "GET /api/v3/ticker/bookTicker?symbol=BTCUSDT HTTP/1.1" 200 120
2021-07-11 14:55:44,813 DEBUG :: Starting new HTTPS connection (1): api.binance.com:443
2021-07-11 14:55:45,032 DEBUG :: https://api.binance.com:443 "GET /api/v3/ticker/bookTicker?symbol=ETHUSDT HTTP/1.1" 200 119
2021-07-11 14:55:45,032 DEBUG :: Starting new HTTPS connection (1): api.binance.com:443
2021-07-11 14:55:45,250 DEBUG :: https://api.binance.com:443 "GET /api/v3/ticker/bookTicker?symbol=ADAUSDT HTTP/1.1" 200 118
2021-07-11 14:55:46,762 DEBUG :: Starting new HTTPS connection (1): api.binance.com:443
2021-07-11 14:55:46,981 DEBUG :: https://api.binance.com:443 "GET /api/v3/ticker/bookTicker?symbol=BTCUSDT HTTP/1.1" 200 120
2021-07-11 14:55:46,997 DEBUG :: Starting new HTTPS connection (1): api.binance.com:443
2021-07-11 14:55:47,211 DEBUG :: https://api.binance.com:443 "GET /api/v3/ticker/bookTicker?symbol=ETHUSDT HTTP/1.1" 200 118
2021-07-11 14:55:47,217 DEBUG :: Starting new HTTPS connection (1): api.binance.com:443
2021-07-11 14:55:47,435 DEBUG :: https://api.binance.com:443 "GET /api/v3/ticker/bookTicker?symbol=ADAUSDT HTTP/1.1" 200 116
2021-07-11 14:55:48,955 DEBUG :: Starting new HTTPS connection (1): api.binance.com:443
2021-07-11 14:55:49,470 DEBUG :: https://api.binance.com:443 "GET /api/v3/ticker/bookTicker?symbol=BTCUSDT HTTP/1.1" 200 120
2021-07-11 14:55:49,475 DEBUG :: Starting new HTTPS connection (1): api.binance.com:443
2021-07-11 14:55:49,692 DEBUG :: https://api.binance.com:443 "GET /api/v3/ticker/bookTicker?symbol=ETHUSDT HTTP/1.1" 200 119
2021-07-11 14:55:49,698 DEBUG :: Starting new HTTPS connection (1): api.binance.com:443
2021-07-11 14:55:49,912 DEBUG :: https://api.binance.com:443 "GET /api/v3/ticker/bookTicker?symbol=ADAUSDT HTTP/1.1" 200 118
2021-07-11 14:55:49,918 DEBUG :: Starting new HTTPS connection (1): api.binance.com:443
2021-07-11 14:55:50,145 DEBUG :: https://api.binance.com:443 "GET /api/v3/ticker/bookTicker?symbol=DOGEUSDT HTTP/1.1" 200 120
2021-07-11 14:55:51,655 DEBUG :: Starting new HTTPS connection (1): api.binance.com:443
2021-07-11 14:55:51,873 DEBUG :: https://api.binance.com:443 "GET /api/v3/ticker/bookTicker?symbol=BTCUSDT HTTP/1.1" 200 120
2021-07-11 14:55:51,878 DEBUG :: Starting new HTTPS connection (1): api.binance.com:443
2021-07-11 14:55:52,091 DEBUG :: https://api.binance.com:443 "GET /api/v3/ticker/bookTicker?symbol=ETHUSDT HTTP/1.1" 200 118
2021-07-11 14:55:52,096 DEBUG :: Starting new HTTPS connection (1): api.binance.com:443
2021-07-11 14:55:52,320 DEBUG :: https://api.binance.com:443 "GET /api/v3/ticker/bookTicker?symbol=ADAUSDT HTTP/1.1" 200 118
2021-07-11 14:55:52,324 DEBUG :: Starting new HTTPS connection (1): api.binance.com:443
2021-07-11 14:55:52,550 DEBUG :: https://api.binance.com:443 "GET /api/v3/ticker/bookTicker?symbol=DOGEUSDT HTTP/1.1" 200 119
2021-07-11 14:55:54,061 DEBUG :: Starting new HTTPS connection (1): api.binance.com:443
2021-07-11 14:55:54,295 DEBUG :: https://api.binance.com:443 "GET /api/v3/ticker/bookTicker?symbol=BTCUSDT HTTP/1.1" 200 120
2021-07-11 14:55:54,295 DEBUG :: Starting new HTTPS connection (1): api.binance.com:443
2021-07-11 14:55:54,499 DEBUG :: https://api.binance.com:443 "GET /api/v3/ticker/bookTicker?symbol=ETHUSDT HTTP/1.1" 200 118
2021-07-11 14:55:54,514 DEBUG :: Starting new HTTPS connection (1): api.binance.com:443
2021-07-11 14:55:54,733 DEBUG :: https://api.binance.com:443 "GET /api/v3/ticker/bookTicker?symbol=ADAUSDT HTTP/1.1" 200 117
2021-07-11 14:55:54,733 DEBUG :: Starting new HTTPS connection (1): api.binance.com:443
2021-07-11 14:55:54,952 DEBUG :: https://api.binance.com:443 "GET /api/v3/ticker/bookTicker?symbol=DOGEUSDT HTTP/1.1" 200 119
2021-07-11 14:55:54,952 DEBUG :: Starting new HTTPS connection (1): api.binance.com:443
2021-07-11 14:55:55,171 DEBUG :: https://api.binance.com:443 "GET /api/v3/ticker/bookTicker?symbol=LTCUSDT HTTP/1.1" 200 117
2021-07-11 14:55:56,679 DEBUG :: Starting new HTTPS connection (1): api.binance.com:443
2021-07-11 14:55:56,913 DEBUG :: https://api.binance.com:443 "GET /api/v3/ticker/bookTicker?symbol=BTCUSDT HTTP/1.1" 200 120
2021-07-11 14:55:56,913 DEBUG :: Starting new HTTPS connection (1): api.binance.com:443
2021-07-11 14:55:57,131 DEBUG :: https://api.binance.com:443 "GET /api/v3/ticker/bookTicker?symbol=ETHUSDT HTTP/1.1" 200 118
2021-07-11 14:55:57,131 DEBUG :: Starting new HTTPS connection (1): api.binance.com:443
2021-07-11 14:55:57,334 DEBUG :: https://api.binance.com:443 "GET /api/v3/ticker/bookTicker?symbol=ADAUSDT HTTP/1.1" 200 116
2021-07-11 14:55:57,350 DEBUG :: Starting new HTTPS connection (1): api.binance.com:443
2021-07-11 14:55:57,553 DEBUG :: https://api.binance.com:443 "GET /api/v3/ticker/bookTicker?symbol=DOGEUSDT HTTP/1.1" 200 117
2021-07-11 14:55:57,569 DEBUG :: Starting new HTTPS connection (1): api.binance.com:443
2021-07-11 14:55:57,788 DEBUG :: https://api.binance.com:443 "GET /api/v3/ticker/bookTicker?symbol=LTCUSDT HTTP/1.1" 200 118
2021-07-11 14:55:59,304 DEBUG :: Starting new HTTPS connection (1): api.binance.com:443
2021-07-11 14:55:59,648 DEBUG :: https://api.binance.com:443 "GET /api/v3/ticker/bookTicker?symbol=BTCUSDT HTTP/1.1" 200 120
2021-07-11 14:55:59,648 DEBUG :: Starting new HTTPS connection (1): api.binance.com:443
2021-07-11 14:55:59,866 DEBUG :: https://api.binance.com:443 "GET /api/v3/ticker/bookTicker?symbol=ETHUSDT HTTP/1.1" 200 120
2021-07-11 14:55:59,882 DEBUG :: Starting new HTTPS connection (1): api.binance.com:443
2021-07-11 14:56:00,085 DEBUG :: https://api.binance.com:443 "GET /api/v3/ticker/bookTicker?symbol=ADAUSDT HTTP/1.1" 200 117
2021-07-11 14:56:00,101 DEBUG :: Starting new HTTPS connection (1): api.binance.com:443
2021-07-11 14:56:00,320 DEBUG :: https://api.binance.com:443 "GET /api/v3/ticker/bookTicker?symbol=DOGEUSDT HTTP/1.1" 200 119
2021-07-11 14:56:00,335 DEBUG :: Starting new HTTPS connection (1): api.binance.com:443
2021-07-11 14:56:00,538 DEBUG :: https://api.binance.com:443 "GET /api/v3/ticker/bookTicker?symbol=LTCUSDT HTTP/1.1" 200 118
2021-07-11 14:56:02,055 DEBUG :: Starting new HTTPS connection (1): api.binance.com:443
2021-07-11 14:56:02,289 DEBUG :: https://api.binance.com:443 "GET /api/v3/ticker/bookTicker?symbol=BTCUSDT HTTP/1.1" 200 120
2021-07-11 14:56:02,289 DEBUG :: Starting new HTTPS connection (1): api.binance.com:443
2021-07-11 14:56:02,602 DEBUG :: https://api.binance.com:443 "GET /api/v3/ticker/bookTicker?symbol=ETHUSDT HTTP/1.1" 200 119
2021-07-11 14:56:02,602 DEBUG :: Starting new HTTPS connection (1): api.binance.com:443
2021-07-11 14:56:02,836 DEBUG :: https://api.binance.com:443 "GET /api/v3/ticker/bookTicker?symbol=ADAUSDT HTTP/1.1" 200 116
2021-07-11 14:56:02,852 DEBUG :: Starting new HTTPS connection (1): api.binance.com:443
2021-07-11 14:56:03,070 DEBUG :: https://api.binance.com:443 "GET /api/v3/ticker/bookTicker?symbol=DOGEUSDT HTTP/1.1" 200 118
2021-07-11 14:56:03,070 DEBUG :: Starting new HTTPS connection (1): api.binance.com:443
2021-07-11 14:56:03,289 DEBUG :: https://api.binance.com:443 "GET /api/v3/ticker/bookTicker?symbol=LTCUSDT HTTP/1.1" 200 116
2021-07-11 14:56:04,805 DEBUG :: Starting new HTTPS connection (1): api.binance.com:443
2021-07-11 14:56:05,009 DEBUG :: https://api.binance.com:443 "GET /api/v3/ticker/bookTicker?symbol=BTCUSDT HTTP/1.1" 200 120
2021-07-11 14:56:05,009 DEBUG :: Starting new HTTPS connection (1): api.binance.com:443
2021-07-11 14:56:05,462 DEBUG :: https://api.binance.com:443 "GET /api/v3/ticker/bookTicker?symbol=ETHUSDT HTTP/1.1" 200 119
2021-07-11 14:56:05,462 DEBUG :: Starting new HTTPS connection (1): api.binance.com:443
2021-07-11 14:56:05,681 DEBUG :: https://api.binance.com:443 "GET /api/v3/ticker/bookTicker?symbol=ADAUSDT HTTP/1.1" 200 117
2021-07-11 14:56:05,681 DEBUG :: Starting new HTTPS connection (1): api.binance.com:443
2021-07-11 14:56:05,899 DEBUG :: https://api.binance.com:443 "GET /api/v3/ticker/bookTicker?symbol=DOGEUSDT HTTP/1.1" 200 119
2021-07-11 14:56:05,899 DEBUG :: Starting new HTTPS connection (1): api.binance.com:443
2021-07-11 14:56:06,134 DEBUG :: https://api.binance.com:443 "GET /api/v3/ticker/bookTicker?symbol=LTCUSDT HTTP/1.1" 200 117
2021-07-11 14:56:07,639 DEBUG :: Starting new HTTPS connection (1): api.binance.com:443
2021-07-11 14:56:08,156 DEBUG :: https://api.binance.com:443 "GET /api/v3/ticker/bookTicker?symbol=BTCUSDT HTTP/1.1" 200 120
2021-07-11 14:56:08,156 DEBUG :: Starting new HTTPS connection (1): api.binance.com:443
2021-07-11 14:56:08,390 DEBUG :: https://api.binance.com:443 "GET /api/v3/ticker/bookTicker?symbol=ETHUSDT HTTP/1.1" 200 119
2021-07-11 14:56:08,390 DEBUG :: Starting new HTTPS connection (1): api.binance.com:443
2021-07-11 14:56:08,609 DEBUG :: https://api.binance.com:443 "GET /api/v3/ticker/bookTicker?symbol=ADAUSDT HTTP/1.1" 200 117
2021-07-11 14:56:08,609 DEBUG :: Starting new HTTPS connection (1): api.binance.com:443
2021-07-11 14:56:08,843 DEBUG :: https://api.binance.com:443 "GET /api/v3/ticker/bookTicker?symbol=DOGEUSDT HTTP/1.1" 200 119
2021-07-11 14:56:08,859 DEBUG :: Starting new HTTPS connection (1): api.binance.com:443
2021-07-11 14:56:09,062 DEBUG :: https://api.binance.com:443 "GET /api/v3/ticker/bookTicker?symbol=LTCUSDT HTTP/1.1" 200 117
2021-07-11 14:56:09,078 DEBUG :: Starting new HTTPS connection (1): api.binance.com:443
2021-07-11 14:56:09,297 DEBUG :: https://api.binance.com:443 "GET /api/v3/ticker/bookTicker?symbol=BNBUSDT HTTP/1.1" 200 116
2021-07-11 14:56:10,817 DEBUG :: Starting new HTTPS connection (1): api.binance.com:443
2021-07-11 14:56:11,036 DEBUG :: https://api.binance.com:443 "GET /api/v3/ticker/bookTicker?symbol=BTCUSDT HTTP/1.1" 200 120
2021-07-11 14:56:11,036 DEBUG :: Starting new HTTPS connection (1): api.binance.com:443
2021-07-11 14:56:11,270 DEBUG :: https://api.binance.com:443 "GET /api/v3/ticker/bookTicker?symbol=ETHUSDT HTTP/1.1" 200 119
2021-07-11 14:56:11,270 DEBUG :: Starting new HTTPS connection (1): api.binance.com:443
2021-07-11 14:56:11,489 DEBUG :: https://api.binance.com:443 "GET /api/v3/ticker/bookTicker?symbol=ADAUSDT HTTP/1.1" 200 118
2021-07-11 14:56:11,489 DEBUG :: Starting new HTTPS connection (1): api.binance.com:443
2021-07-11 14:56:11,708 DEBUG :: https://api.binance.com:443 "GET /api/v3/ticker/bookTicker?symbol=DOGEUSDT HTTP/1.1" 200 119
2021-07-11 14:56:11,708 DEBUG :: Starting new HTTPS connection (1): api.binance.com:443
2021-07-11 14:56:12,318 DEBUG :: https://api.binance.com:443 "GET /api/v3/ticker/bookTicker?symbol=LTCUSDT HTTP/1.1" 200 118
2021-07-11 14:56:12,318 DEBUG :: Starting new HTTPS connection (1): api.binance.com:443
2021-07-11 14:56:12,536 DEBUG :: https://api.binance.com:443 "GET /api/v3/ticker/bookTicker?symbol=BNBUSDT HTTP/1.1" 200 117
2021-07-11 14:56:14,060 DEBUG :: Starting new HTTPS connection (1): api.binance.com:443
2021-07-11 14:56:14,294 DEBUG :: https://api.binance.com:443 "GET /api/v3/ticker/bookTicker?symbol=BTCUSDT HTTP/1.1" 200 120
2021-07-11 14:56:14,294 DEBUG :: Starting new HTTPS connection (1): api.binance.com:443
2021-07-11 14:56:14,513 DEBUG :: https://api.binance.com:443 "GET /api/v3/ticker/bookTicker?symbol=ETHUSDT HTTP/1.1" 200 118
2021-07-11 14:56:14,513 DEBUG :: Starting new HTTPS connection (1): api.binance.com:443
2021-07-11 14:56:15,013 DEBUG :: https://api.binance.com:443 "GET /api/v3/ticker/bookTicker?symbol=ADAUSDT HTTP/1.1" 200 116
2021-07-11 14:56:15,029 DEBUG :: Starting new HTTPS connection (1): api.binance.com:443
2021-07-11 14:56:15,247 DEBUG :: https://api.binance.com:443 "GET /api/v3/ticker/bookTicker?symbol=DOGEUSDT HTTP/1.1" 200 120
2021-07-11 14:56:15,247 DEBUG :: Starting new HTTPS connection (1): api.binance.com:443
2021-07-11 14:56:15,748 DEBUG :: https://api.binance.com:443 "GET /api/v3/ticker/bookTicker?symbol=LTCUSDT HTTP/1.1" 200 119
2021-07-11 14:56:15,748 DEBUG :: Starting new HTTPS connection (1): api.binance.com:443
2021-07-11 14:56:15,982 DEBUG :: https://api.binance.com:443 "GET /api/v3/ticker/bookTicker?symbol=BNBUSDT HTTP/1.1" 200 116
2021-07-11 14:56:17,498 DEBUG :: Starting new HTTPS connection (1): api.binance.com:443
2021-07-11 14:56:17,717 DEBUG :: https://api.binance.com:443 "GET /api/v3/ticker/bookTicker?symbol=BTCUSDT HTTP/1.1" 200 120
2021-07-11 14:56:17,732 DEBUG :: Starting new HTTPS connection (1): api.binance.com:443
2021-07-11 14:56:18,264 DEBUG :: https://api.binance.com:443 "GET /api/v3/ticker/bookTicker?symbol=ETHUSDT HTTP/1.1" 200 119
2021-07-11 14:56:18,280 DEBUG :: Starting new HTTPS connection (1): api.binance.com:443
2021-07-11 14:56:18,514 DEBUG :: https://api.binance.com:443 "GET /api/v3/ticker/bookTicker?symbol=ADAUSDT HTTP/1.1" 200 118
2021-07-11 14:56:18,514 DEBUG :: Starting new HTTPS connection (1): api.binance.com:443
2021-07-11 14:56:18,764 DEBUG :: https://api.binance.com:443 "GET /api/v3/ticker/bookTicker?symbol=DOGEUSDT HTTP/1.1" 200 119
2021-07-11 14:56:18,764 DEBUG :: Starting new HTTPS connection (1): api.binance.com:443
2021-07-11 14:56:19,077 DEBUG :: https://api.binance.com:443 "GET /api/v3/ticker/bookTicker?symbol=LTCUSDT HTTP/1.1" 200 118
2021-07-11 14:56:19,092 DEBUG :: Starting new HTTPS connection (1): api.binance.com:443
2021-07-11 14:56:19,311 DEBUG :: https://api.binance.com:443 "GET /api/v3/ticker/bookTicker?symbol=BNBUSDT HTTP/1.1" 200 117
2021-07-11 14:56:20,827 DEBUG :: Starting new HTTPS connection (1): api.binance.com:443
2021-07-11 14:56:21,062 DEBUG :: https://api.binance.com:443 "GET /api/v3/ticker/bookTicker?symbol=BTCUSDT HTTP/1.1" 200 120
2021-07-11 14:56:21,062 DEBUG :: Starting new HTTPS connection (1): api.binance.com:443
2021-07-11 14:56:21,280 DEBUG :: https://api.binance.com:443 "GET /api/v3/ticker/bookTicker?symbol=ETHUSDT HTTP/1.1" 200 119
2021-07-11 14:56:21,280 DEBUG :: Starting new HTTPS connection (1): api.binance.com:443
2021-07-11 14:56:21,500 DEBUG :: https://api.binance.com:443 "GET /api/v3/ticker/bookTicker?symbol=ADAUSDT HTTP/1.1" 200 118
2021-07-11 14:56:21,515 DEBUG :: Starting new HTTPS connection (1): api.binance.com:443
2021-07-11 14:56:21,734 DEBUG :: https://api.binance.com:443 "GET /api/v3/ticker/bookTicker?symbol=DOGEUSDT HTTP/1.1" 200 119
2021-07-11 14:56:21,749 DEBUG :: Starting new HTTPS connection (1): api.binance.com:443
2021-07-11 14:56:21,953 DEBUG :: https://api.binance.com:443 "GET /api/v3/ticker/bookTicker?symbol=LTCUSDT HTTP/1.1" 200 118
2021-07-11 14:56:21,968 DEBUG :: Starting new HTTPS connection (1): api.binance.com:443
2021-07-11 14:56:22,203 DEBUG :: https://api.binance.com:443 "GET /api/v3/ticker/bookTicker?symbol=BNBUSDT HTTP/1.1" 200 116
2021-07-11 14:56:23,703 DEBUG :: Starting new HTTPS connection (1): api.binance.com:443
2021-07-11 14:56:24,000 DEBUG :: https://api.binance.com:443 "GET /api/v3/ticker/bookTicker?symbol=BTCUSDT HTTP/1.1" 200 120
2021-07-11 14:56:24,016 DEBUG :: Starting new HTTPS connection (1): api.binance.com:443
2021-07-11 14:56:24,219 DEBUG :: https://api.binance.com:443 "GET /api/v3/ticker/bookTicker?symbol=ETHUSDT HTTP/1.1" 200 119
2021-07-11 14:56:24,234 DEBUG :: Starting new HTTPS connection (1): api.binance.com:443
2021-07-11 14:56:24,453 DEBUG :: https://api.binance.com:443 "GET /api/v3/ticker/bookTicker?symbol=ADAUSDT HTTP/1.1" 200 117
2021-07-11 14:56:24,453 DEBUG :: Starting new HTTPS connection (1): api.binance.com:443
2021-07-11 14:56:24,672 DEBUG :: https://api.binance.com:443 "GET /api/v3/ticker/bookTicker?symbol=DOGEUSDT HTTP/1.1" 200 119
2021-07-11 14:56:24,688 DEBUG :: Starting new HTTPS connection (1): api.binance.com:443
2021-07-11 14:56:24,891 DEBUG :: https://api.binance.com:443 "GET /api/v3/ticker/bookTicker?symbol=LTCUSDT HTTP/1.1" 200 117
2021-07-11 14:56:24,907 DEBUG :: Starting new HTTPS connection (1): api.binance.com:443
2021-07-11 14:56:25,126 DEBUG :: https://api.binance.com:443 "GET /api/v3/ticker/bookTicker?symbol=BNBUSDT HTTP/1.1" 200 117
2021-07-11 14:56:26,641 DEBUG :: Starting new HTTPS connection (1): api.binance.com:443
2021-07-11 14:56:26,845 DEBUG :: https://api.binance.com:443 "GET /api/v3/ticker/bookTicker?symbol=BTCUSDT HTTP/1.1" 200 120
2021-07-11 14:56:26,860 DEBUG :: Starting new HTTPS connection (1): api.binance.com:443
2021-07-11 14:56:27,063 DEBUG :: https://api.binance.com:443 "GET /api/v3/ticker/bookTicker?symbol=ETHUSDT HTTP/1.1" 200 119
2021-07-11 14:56:27,079 DEBUG :: Starting new HTTPS connection (1): api.binance.com:443
2021-07-11 14:56:27,282 DEBUG :: https://api.binance.com:443 "GET /api/v3/ticker/bookTicker?symbol=ADAUSDT HTTP/1.1" 200 118
2021-07-11 14:56:27,282 DEBUG :: Starting new HTTPS connection (1): api.binance.com:443
2021-07-11 14:56:27,501 DEBUG :: https://api.binance.com:443 "GET /api/v3/ticker/bookTicker?symbol=DOGEUSDT HTTP/1.1" 200 119
2021-07-11 14:56:27,501 DEBUG :: Starting new HTTPS connection (1): api.binance.com:443
2021-07-11 14:56:27,720 DEBUG :: https://api.binance.com:443 "GET /api/v3/ticker/bookTicker?symbol=LTCUSDT HTTP/1.1" 200 118
2021-07-11 14:56:27,736 DEBUG :: Starting new HTTPS connection (1): api.binance.com:443
2021-07-11 14:56:27,939 DEBUG :: https://api.binance.com:443 "GET /api/v3/ticker/bookTicker?symbol=BNBUSDT HTTP/1.1" 200 116
2021-07-11 14:56:29,465 DEBUG :: Starting new HTTPS connection (1): api.binance.com:443
2021-07-11 14:56:29,684 DEBUG :: https://api.binance.com:443 "GET /api/v3/ticker/bookTicker?symbol=ADAUSDT HTTP/1.1" 200 119
2021-07-11 14:56:29,684 DEBUG :: Starting new HTTPS connection (1): api.binance.com:443
2021-07-11 14:56:29,903 DEBUG :: https://api.binance.com:443 "GET /api/v3/ticker/bookTicker?symbol=DOGEUSDT HTTP/1.1" 200 118
2021-07-11 14:56:29,918 DEBUG :: Starting new HTTPS connection (1): api.binance.com:443
2021-07-11 14:56:30,137 DEBUG :: https://api.binance.com:443 "GET /api/v3/ticker/bookTicker?symbol=LTCUSDT HTTP/1.1" 200 118
2021-07-11 14:56:30,137 DEBUG :: Starting new HTTPS connection (1): api.binance.com:443
2021-07-11 14:56:30,356 DEBUG :: https://api.binance.com:443 "GET /api/v3/ticker/bookTicker?symbol=BNBUSDT HTTP/1.1" 200 117
2021-07-11 14:56:31,872 DEBUG :: Starting new HTTPS connection (1): api.binance.com:443
2021-07-11 14:56:32,076 DEBUG :: https://api.binance.com:443 "GET /api/v3/ticker/bookTicker?symbol=ADAUSDT HTTP/1.1" 200 118
2021-07-11 14:56:32,091 DEBUG :: Starting new HTTPS connection (1): api.binance.com:443
2021-07-11 14:56:32,310 DEBUG :: https://api.binance.com:443 "GET /api/v3/ticker/bookTicker?symbol=DOGEUSDT HTTP/1.1" 200 119
2021-07-11 14:56:32,310 DEBUG :: Starting new HTTPS connection (1): api.binance.com:443
2021-07-11 14:56:32,529 DEBUG :: https://api.binance.com:443 "GET /api/v3/ticker/bookTicker?symbol=LTCUSDT HTTP/1.1" 200 118
2021-07-11 14:56:32,529 DEBUG :: Starting new HTTPS connection (1): api.binance.com:443
2021-07-11 14:56:32,748 DEBUG :: https://api.binance.com:443 "GET /api/v3/ticker/bookTicker?symbol=BNBUSDT HTTP/1.1" 200 116
2021-07-11 14:56:34,259 DEBUG :: Starting new HTTPS connection (1): api.binance.com:443
2021-07-11 14:56:34,478 DEBUG :: https://api.binance.com:443 "GET /api/v3/ticker/bookTicker?symbol=ADAUSDT HTTP/1.1" 200 117
2021-07-11 14:56:34,494 DEBUG :: Starting new HTTPS connection (1): api.binance.com:443
2021-07-11 14:56:34,712 DEBUG :: https://api.binance.com:443 "GET /api/v3/ticker/bookTicker?symbol=DOGEUSDT HTTP/1.1" 200 119
2021-07-11 14:56:34,728 DEBUG :: Starting new HTTPS connection (1): api.binance.com:443
2021-07-11 14:56:34,931 DEBUG :: https://api.binance.com:443 "GET /api/v3/ticker/bookTicker?symbol=LTCUSDT HTTP/1.1" 200 118
2021-07-11 14:56:34,947 DEBUG :: Starting new HTTPS connection (1): api.binance.com:443
2021-07-11 14:56:35,181 DEBUG :: https://api.binance.com:443 "GET /api/v3/ticker/bookTicker?symbol=BNBUSDT HTTP/1.1" 200 116
2021-07-11 14:56:35,181 DEBUG :: Starting new HTTPS connection (1): api.binance.com:443
2021-07-11 14:56:35,416 DEBUG :: https://api.binance.com:443 "GET /api/v3/ticker/bookTicker?symbol=ETHUSDT HTTP/1.1" 200 119
2021-07-11 14:56:36,938 DEBUG :: Starting new HTTPS connection (1): api.binance.com:443
2021-07-11 14:56:37,157 DEBUG :: https://api.binance.com:443 "GET /api/v3/ticker/bookTicker?symbol=ADAUSDT HTTP/1.1" 200 118
2021-07-11 14:56:37,157 DEBUG :: Starting new HTTPS connection (1): api.binance.com:443
2021-07-11 14:56:37,548 DEBUG :: https://api.binance.com:443 "GET /api/v3/ticker/bookTicker?symbol=DOGEUSDT HTTP/1.1" 200 116
2021-07-11 14:56:37,548 DEBUG :: Starting new HTTPS connection (1): api.binance.com:443
2021-07-11 14:56:37,766 DEBUG :: https://api.binance.com:443 "GET /api/v3/ticker/bookTicker?symbol=LTCUSDT HTTP/1.1" 200 118
2021-07-11 14:56:37,766 DEBUG :: Starting new HTTPS connection (1): api.binance.com:443
2021-07-11 14:56:38,001 DEBUG :: https://api.binance.com:443 "GET /api/v3/ticker/bookTicker?symbol=BNBUSDT HTTP/1.1" 200 116
2021-07-11 14:56:38,001 DEBUG :: Starting new HTTPS connection (1): api.binance.com:443
2021-07-11 14:56:38,345 DEBUG :: https://api.binance.com:443 "GET /api/v3/ticker/bookTicker?symbol=ETHUSDT HTTP/1.1" 200 118
2021-07-11 14:56:39,861 DEBUG :: Starting new HTTPS connection (1): api.binance.com:443
2021-07-11 14:56:40,080 DEBUG :: https://api.binance.com:443 "GET /api/v3/ticker/bookTicker?symbol=ADAUSDT HTTP/1.1" 200 117
2021-07-11 14:56:40,080 DEBUG :: Starting new HTTPS connection (1): api.binance.com:443
2021-07-11 14:56:40,298 DEBUG :: https://api.binance.com:443 "GET /api/v3/ticker/bookTicker?symbol=DOGEUSDT HTTP/1.1" 200 119
2021-07-11 14:56:40,314 DEBUG :: Starting new HTTPS connection (1): api.binance.com:443
2021-07-11 14:56:40,533 DEBUG :: https://api.binance.com:443 "GET /api/v3/ticker/bookTicker?symbol=LTCUSDT HTTP/1.1" 200 117
2021-07-11 14:56:40,533 DEBUG :: Starting new HTTPS connection (1): api.binance.com:443
2021-07-11 14:56:40,752 DEBUG :: https://api.binance.com:443 "GET /api/v3/ticker/bookTicker?symbol=BNBUSDT HTTP/1.1" 200 117
2021-07-11 14:56:40,767 DEBUG :: Starting new HTTPS connection (1): api.binance.com:443
2021-07-11 14:56:40,971 DEBUG :: https://api.binance.com:443 "GET /api/v3/ticker/bookTicker?symbol=ETHUSDT HTTP/1.1" 200 119
2021-07-11 14:56:42,491 DEBUG :: Starting new HTTPS connection (1): api.binance.com:443
2021-07-11 14:56:42,694 DEBUG :: https://api.binance.com:443 "GET /api/v3/ticker/bookTicker?symbol=ADAUSDT HTTP/1.1" 200 118
2021-07-11 14:56:42,694 DEBUG :: Starting new HTTPS connection (1): api.binance.com:443
2021-07-11 14:56:42,929 DEBUG :: https://api.binance.com:443 "GET /api/v3/ticker/bookTicker?symbol=DOGEUSDT HTTP/1.1" 200 121
2021-07-11 14:56:42,945 DEBUG :: Starting new HTTPS connection (1): api.binance.com:443
2021-07-11 14:56:43,163 DEBUG :: https://api.binance.com:443 "GET /api/v3/ticker/bookTicker?symbol=LTCUSDT HTTP/1.1" 200 117
2021-07-11 14:56:43,163 DEBUG :: Starting new HTTPS connection (1): api.binance.com:443
2021-07-11 14:56:43,382 DEBUG :: https://api.binance.com:443 "GET /api/v3/ticker/bookTicker?symbol=BNBUSDT HTTP/1.1" 200 117
2021-07-11 14:56:43,398 DEBUG :: Starting new HTTPS connection (1): api.binance.com:443
2021-07-11 14:56:43,601 DEBUG :: https://api.binance.com:443 "GET /api/v3/ticker/bookTicker?symbol=ETHUSDT HTTP/1.1" 200 118
2021-07-11 14:56:43,617 DEBUG :: Starting new HTTPS connection (1): api.binance.com:443
2021-07-11 14:56:43,820 DEBUG :: https://api.binance.com:443 "GET /api/v3/ticker/bookTicker?symbol=ETHUSDT HTTP/1.1" 200 118
2021-07-11 14:56:45,348 DEBUG :: Starting new HTTPS connection (1): api.binance.com:443
2021-07-11 14:56:45,561 DEBUG :: https://api.binance.com:443 "GET /api/v3/ticker/bookTicker?symbol=BNBUSDT HTTP/1.1" 200 117
2021-07-11 14:56:45,566 DEBUG :: Starting new HTTPS connection (1): api.binance.com:443
2021-07-11 14:56:45,771 DEBUG :: https://api.binance.com:443 "GET /api/v3/ticker/bookTicker?symbol=ETHUSDT HTTP/1.1" 200 119
2021-07-11 14:56:45,776 DEBUG :: Starting new HTTPS connection (1): api.binance.com:443
2021-07-11 14:56:45,993 DEBUG :: https://api.binance.com:443 "GET /api/v3/ticker/bookTicker?symbol=ETHUSDT HTTP/1.1" 200 118
2021-07-11 14:56:47,501 DEBUG :: Starting new HTTPS connection (1): api.binance.com:443
2021-07-11 14:56:47,714 DEBUG :: https://api.binance.com:443 "GET /api/v3/ticker/bookTicker?symbol=ETHUSDT HTTP/1.1" 200 118
2021-07-11 14:56:47,719 DEBUG :: Starting new HTTPS connection (1): api.binance.com:443
2021-07-11 14:56:47,948 DEBUG :: https://api.binance.com:443 "GET /api/v3/ticker/bookTicker?symbol=ETHUSDT HTTP/1.1" 200 118
2021-07-11 14:56:49,472 DEBUG :: Starting new HTTPS connection (1): api.binance.com:443
2021-07-11 14:56:49,691 DEBUG :: https://api.binance.com:443 "GET /api/v3/ticker/bookTicker?symbol=ETHUSDT HTTP/1.1" 200 120
2021-07-11 14:56:49,691 DEBUG :: Starting new HTTPS connection (1): api.binance.com:443
2021-07-11 14:56:49,908 DEBUG :: https://api.binance.com:443 "GET /api/v3/ticker/bookTicker?symbol=ETHUSDT HTTP/1.1" 200 120
2021-07-11 14:56:51,438 DEBUG :: Starting new HTTPS connection (1): api.binance.com:443
2021-07-11 14:56:51,658 DEBUG :: https://api.binance.com:443 "GET /api/v3/ticker/bookTicker?symbol=ETHUSDT HTTP/1.1" 200 119
2021-07-11 14:56:51,658 DEBUG :: Starting new HTTPS connection (1): api.binance.com:443
2021-07-11 14:56:51,978 DEBUG :: https://api.binance.com:443 "GET /api/v3/ticker/bookTicker?symbol=ETHUSDT HTTP/1.1" 200 120
2021-07-11 14:56:53,484 DEBUG :: Starting new HTTPS connection (1): api.binance.com:443
2021-07-11 14:56:53,698 DEBUG :: https://api.binance.com:443 "GET /api/v3/ticker/bookTicker?symbol=ETHUSDT HTTP/1.1" 200 118
2021-07-11 14:56:53,698 DEBUG :: Starting new HTTPS connection (1): api.binance.com:443
2021-07-11 14:56:53,918 DEBUG :: https://api.binance.com:443 "GET /api/v3/ticker/bookTicker?symbol=ETHUSDT HTTP/1.1" 200 119
2021-07-11 14:56:55,430 DEBUG :: Starting new HTTPS connection (1): api.binance.com:443
2021-07-11 14:56:55,645 DEBUG :: https://api.binance.com:443 "GET /api/v3/ticker/bookTicker?symbol=ETHUSDT HTTP/1.1" 200 119
2021-07-11 18:03:00,472 DEBUG :: Starting new HTTPS connection (1): api.binance.com:443
2021-07-11 18:03:00,807 DEBUG :: https://api.binance.com:443 "GET /sapi/v1/accountSnapshot?type=SPOT&timestamp=1626006780458&signature=ba06c9c00aec7650a913c09c566f9ec16c14999cc971d9ae9c5aca761d92f97a HTTP/1.1" 200 None
2021-07-11 18:03:00,811 INFO :: Running get_contracts
2021-07-11 18:03:00,814 DEBUG :: Starting new HTTPS connection (1): api.binance.com:443
2021-07-11 18:03:01,025 DEBUG :: https://api.binance.com:443 "GET /api/v3/exchangeInfo?symbols=%5B%22BTCUSDT%22%2C%22ETHUSDT%22%2C%22ADAUSDT%22%2C%22DOGEUSDT%22%2C%22LTCUSDT%22%2C%22BNBUSDT%22%5D HTTP/1.1" 200 869
2021-07-11 18:03:01,029 INFO :: Binance Spot Client was successfully initialized
2021-07-11 18:03:01,031 DEBUG :: Starting new HTTPS connection (1): api.binance.com:443
2021-07-11 18:03:01,291 DEBUG :: https://api.binance.com:443 "GET /sapi/v1/accountSnapshot?type=MARGIN&timestamp=1626006781029&signature=28b8e5a6f77da6826e236b61247300b5a6937ecdaec9571d07aca4a64ccf1c93 HTTP/1.1" 200 None
2021-07-11 18:03:01,294 INFO :: Running get_contracts
2021-07-11 18:03:01,296 DEBUG :: Starting new HTTPS connection (1): api.binance.com:443
2021-07-11 18:03:01,505 DEBUG :: https://api.binance.com:443 "GET /api/v3/exchangeInfo?symbols=%5B%22BTCUSDT%22%2C%22ETHUSDT%22%2C%22ADAUSDT%22%2C%22DOGEUSDT%22%2C%22LTCUSDT%22%2C%22BNBUSDT%22%5D HTTP/1.1" 200 868
2021-07-11 18:03:01,508 INFO :: Binance Margin Client was successfully initialized
2021-07-11 18:03:01,658 INFO :: Binance  Websocket connection opened
2021-07-11 18:03:01,659 INFO :: Successfully subscribed
2021-07-11 18:03:01,659 INFO :: Successfully subscribed
2021-07-11 18:03:02,142 INFO :: Binance Margin Websocket connection opened
2021-07-11 18:03:02,143 INFO :: Successfully subscribed
2021-07-11 18:03:02,143 INFO :: Successfully subscribed
2021-07-11 18:03:23,388 INFO :: Running get_historical_candles
2021-07-11 18:03:23,390 DEBUG :: Starting new HTTPS connection (1): api.binance.com:443
2021-07-11 18:03:24,681 DEBUG :: https://api.binance.com:443 "GET /api/v3/klines?symbol=BTCUSDT&interval=4h&limit=1000 HTTP/1.1" 200 65756
2021-07-11 18:48:08,773 DEBUG :: Starting new HTTPS connection (1): api.binance.com:443
2021-07-11 18:48:09,062 DEBUG :: https://api.binance.com:443 "GET /sapi/v1/accountSnapshot?type=SPOT&timestamp=1626009488773&signature=0c1c90ab878a6196e548f28addb4fab79d34387ba3e5cde7b9899447ec9acaea HTTP/1.1" 200 None
2021-07-11 18:48:09,064 INFO :: Running get_contracts
2021-07-11 18:48:09,066 DEBUG :: Starting new HTTPS connection (1): api.binance.com:443
2021-07-11 18:48:09,265 DEBUG :: https://api.binance.com:443 "GET /api/v3/exchangeInfo?symbols=%5B%22BTCUSDT%22%2C%22ETHUSDT%22%2C%22ADAUSDT%22%2C%22DOGEUSDT%22%2C%22LTCUSDT%22%2C%22BNBUSDT%22%5D HTTP/1.1" 200 867
2021-07-11 18:48:09,281 INFO :: Binance Spot Client was successfully initialized
2021-07-11 18:48:09,281 DEBUG :: Starting new HTTPS connection (1): api.binance.com:443
2021-07-11 18:48:09,835 DEBUG :: https://api.binance.com:443 "GET /sapi/v1/accountSnapshot?type=MARGIN&timestamp=1626009489281&signature=d90c500a23ea3365d6f847d5194a2b4dd84fe7145a12032ac043ea9a7c89eb9a HTTP/1.1" 200 None
2021-07-11 18:48:09,835 INFO :: Running get_contracts
2021-07-11 18:48:09,835 DEBUG :: Starting new HTTPS connection (1): api.binance.com:443
2021-07-11 18:48:09,939 INFO :: Binance  Websocket connection opened
2021-07-11 18:48:09,940 INFO :: Successfully subscribed
2021-07-11 18:48:09,940 INFO :: Successfully subscribed
2021-07-11 18:48:10,059 DEBUG :: https://api.binance.com:443 "GET /api/v3/exchangeInfo?symbols=%5B%22BTCUSDT%22%2C%22ETHUSDT%22%2C%22ADAUSDT%22%2C%22DOGEUSDT%22%2C%22LTCUSDT%22%2C%22BNBUSDT%22%5D HTTP/1.1" 200 867
2021-07-11 18:48:10,062 INFO :: Binance Margin Client was successfully initialized
2021-07-11 18:48:10,683 INFO :: Binance Margin Websocket connection opened
2021-07-11 18:48:10,683 INFO :: Successfully subscribed
2021-07-11 18:48:10,683 INFO :: Successfully subscribed
2021-07-11 18:48:46,276 INFO :: Running get_historical_candles
2021-07-11 18:48:46,280 DEBUG :: Starting new HTTPS connection (1): api.binance.com:443
2021-07-11 18:48:46,521 DEBUG :: https://api.binance.com:443 "GET /api/v3/klines?symbol=BTCUSDT&interval=30m&limit=1000 HTTP/1.1" 200 61929
2021-07-11 18:49:39,413 DEBUG :: Starting new HTTPS connection (1): api.binance.com:443
2021-07-11 18:49:39,707 DEBUG :: https://api.binance.com:443 "GET /api/v3/ticker/bookTicker?symbol=BTCUSDT HTTP/1.1" 200 120
2021-07-11 18:49:41,215 DEBUG :: Starting new HTTPS connection (1): api.binance.com:443
2021-07-11 18:49:41,418 DEBUG :: https://api.binance.com:443 "GET /api/v3/ticker/bookTicker?symbol=BTCUSDT HTTP/1.1" 200 120
2021-07-11 18:49:42,934 DEBUG :: Starting new HTTPS connection (1): api.binance.com:443
2021-07-11 18:49:43,152 DEBUG :: https://api.binance.com:443 "GET /api/v3/ticker/bookTicker?symbol=BTCUSDT HTTP/1.1" 200 120
2021-07-11 18:49:44,668 DEBUG :: Starting new HTTPS connection (1): api.binance.com:443
2021-07-11 18:49:44,871 DEBUG :: https://api.binance.com:443 "GET /api/v3/ticker/bookTicker?symbol=BTCUSDT HTTP/1.1" 200 120
2021-07-11 18:49:46,387 DEBUG :: Starting new HTTPS connection (1): api.binance.com:443
2021-07-11 18:49:47,063 DEBUG :: https://api.binance.com:443 "GET /api/v3/ticker/bookTicker?symbol=BTCUSDT HTTP/1.1" 200 120
2021-07-11 18:49:48,572 DEBUG :: Starting new HTTPS connection (1): api.binance.com:443
2021-07-11 18:49:48,790 DEBUG :: https://api.binance.com:443 "GET /api/v3/ticker/bookTicker?symbol=BTCUSDT HTTP/1.1" 200 120
